<?xml version="1.0" encoding="UTF-8"?>
<testsuite name="janala.interpreters.ConcolicInterpreterTest" tests="193" skipped="0" failures="0" errors="0" timestamp="2021-03-26T04:27:06" hostname="ubuntu" time="0.142">
  <properties/>
  <testcase name="testLDC_long" classname="janala.interpreters.ConcolicInterpreterTest" time="0.007"/>
  <testcase name="testARETURN" classname="janala.interpreters.ConcolicInterpreterTest" time="0.001"/>
  <testcase name="testIFGE_true" classname="janala.interpreters.ConcolicInterpreterTest" time="0.001"/>
  <testcase name="testGetValueByte_fail" classname="janala.interpreters.ConcolicInterpreterTest" time="0.0"/>
  <testcase name="testGetValueByte_pass" classname="janala.interpreters.ConcolicInterpreterTest" time="0.0"/>
  <testcase name="testIFLE_true" classname="janala.interpreters.ConcolicInterpreterTest" time="0.001"/>
  <testcase name="testGetValueObject_failNull" classname="janala.interpreters.ConcolicInterpreterTest" time="0.001"/>
  <testcase name="testGetValueFloat_fail" classname="janala.interpreters.ConcolicInterpreterTest" time="0.001"/>
  <testcase name="testGetValueFloat_pass" classname="janala.interpreters.ConcolicInterpreterTest" time="0.0"/>
  <testcase name="testBASTORE" classname="janala.interpreters.ConcolicInterpreterTest" time="0.0"/>
  <testcase name="testIFNULL_fail" classname="janala.interpreters.ConcolicInterpreterTest" time="0.001"/>
  <testcase name="testIFNULL_pass" classname="janala.interpreters.ConcolicInterpreterTest" time="0.0"/>
  <testcase name="testGetValueDouble_fail" classname="janala.interpreters.ConcolicInterpreterTest" time="0.0"/>
  <testcase name="testGetValueDouble_pass" classname="janala.interpreters.ConcolicInterpreterTest" time="0.001"/>
  <testcase name="testIFGT_true" classname="janala.interpreters.ConcolicInterpreterTest" time="0.001"/>
  <testcase name="testIFICMEQ_true" classname="janala.interpreters.ConcolicInterpreterTest" time="0.001"/>
  <testcase name="testLDC_Object" classname="janala.interpreters.ConcolicInterpreterTest" time="0.003"/>
  <testcase name="testNEWARRAY" classname="janala.interpreters.ConcolicInterpreterTest" time="0.001"/>
  <testcase name="testGetValueBoolean_fail" classname="janala.interpreters.ConcolicInterpreterTest" time="0.0"/>
  <testcase name="testGetValueBoolean_pass" classname="janala.interpreters.ConcolicInterpreterTest" time="0.0"/>
  <testcase name="testIFLT_true" classname="janala.interpreters.ConcolicInterpreterTest" time="0.001"/>
  <testcase name="testD2F" classname="janala.interpreters.ConcolicInterpreterTest" time="0.0"/>
  <testcase name="testD2I" classname="janala.interpreters.ConcolicInterpreterTest" time="0.001"/>
  <testcase name="testD2L" classname="janala.interpreters.ConcolicInterpreterTest" time="0.0"/>
  <testcase name="testDUP" classname="janala.interpreters.ConcolicInterpreterTest" time="0.001"/>
  <testcase name="testF2D" classname="janala.interpreters.ConcolicInterpreterTest" time="0.0"/>
  <testcase name="testF2I" classname="janala.interpreters.ConcolicInterpreterTest" time="0.001"/>
  <testcase name="testF2L" classname="janala.interpreters.ConcolicInterpreterTest" time="0.0"/>
  <testcase name="testI2B" classname="janala.interpreters.ConcolicInterpreterTest" time="0.001"/>
  <testcase name="testI2C" classname="janala.interpreters.ConcolicInterpreterTest" time="0.001"/>
  <testcase name="testI2D" classname="janala.interpreters.ConcolicInterpreterTest" time="0.001"/>
  <testcase name="testI2F" classname="janala.interpreters.ConcolicInterpreterTest" time="0.0"/>
  <testcase name="testI2L" classname="janala.interpreters.ConcolicInterpreterTest" time="0.001"/>
  <testcase name="testI2S" classname="janala.interpreters.ConcolicInterpreterTest" time="0.001"/>
  <testcase name="testIOR" classname="janala.interpreters.ConcolicInterpreterTest" time="0.0"/>
  <testcase name="testL2D" classname="janala.interpreters.ConcolicInterpreterTest" time="0.001"/>
  <testcase name="testL2F" classname="janala.interpreters.ConcolicInterpreterTest" time="0.001"/>
  <testcase name="testL2I" classname="janala.interpreters.ConcolicInterpreterTest" time="0.0"/>
  <testcase name="testLOR" classname="janala.interpreters.ConcolicInterpreterTest" time="0.001"/>
  <testcase name="testNEW" classname="janala.interpreters.ConcolicInterpreterTest" time="0.001"/>
  <testcase name="testPOP" classname="janala.interpreters.ConcolicInterpreterTest" time="0.0"/>
  <testcase name="testCALOAD_Symbol" classname="janala.interpreters.ConcolicInterpreterTest" time="0.002"/>
  <testcase name="testLASTORE" classname="janala.interpreters.ConcolicInterpreterTest" time="0.0"/>
  <testcase name="testIFACMPEQ_false" classname="janala.interpreters.ConcolicInterpreterTest" time="0.001"/>
  <testcase name="testINSTANCEOF" classname="janala.interpreters.ConcolicInterpreterTest" time="0.0"/>
  <testcase name="testLDC_int" classname="janala.interpreters.ConcolicInterpreterTest" time="0.0"/>
  <testcase name="testGetValueObject_pass" classname="janala.interpreters.ConcolicInterpreterTest" time="0.0"/>
  <testcase name="testALOAD" classname="janala.interpreters.ConcolicInterpreterTest" time="0.0"/>
  <testcase name="testDCMPG" classname="janala.interpreters.ConcolicInterpreterTest" time="0.001"/>
  <testcase name="testDCMPL" classname="janala.interpreters.ConcolicInterpreterTest" time="0.0"/>
  <testcase name="testDLOAD" classname="janala.interpreters.ConcolicInterpreterTest" time="0.001"/>
  <testcase name="testFCMPG" classname="janala.interpreters.ConcolicInterpreterTest" time="0.0"/>
  <testcase name="testFCMPL" classname="janala.interpreters.ConcolicInterpreterTest" time="0.001"/>
  <testcase name="testFLOAD" classname="janala.interpreters.ConcolicInterpreterTest" time="0.025"/>
  <testcase name="testILOAD" classname="janala.interpreters.ConcolicInterpreterTest" time="0.001"/>
  <testcase name="testIUSHR" classname="janala.interpreters.ConcolicInterpreterTest" time="0.0"/>
  <testcase name="testLCMPG" classname="janala.interpreters.ConcolicInterpreterTest" time="0.001"/>
  <testcase name="testLLOAD" classname="janala.interpreters.ConcolicInterpreterTest" time="0.0"/>
  <testcase name="testLUSHR" classname="janala.interpreters.ConcolicInterpreterTest" time="0.0"/>
  <testcase name="testINVOKEVIRTUAL" classname="janala.interpreters.ConcolicInterpreterTest" time="0.001"/>
  <testcase name="testDADD" classname="janala.interpreters.ConcolicInterpreterTest" time="0.0"/>
  <testcase name="testDDIV" classname="janala.interpreters.ConcolicInterpreterTest" time="0.001"/>
  <testcase name="testDMUL" classname="janala.interpreters.ConcolicInterpreterTest" time="0.0"/>
  <testcase name="testDNEG" classname="janala.interpreters.ConcolicInterpreterTest" time="0.001"/>
  <testcase name="testDREM" classname="janala.interpreters.ConcolicInterpreterTest" time="0.0"/>
  <testcase name="testDRET" classname="janala.interpreters.ConcolicInterpreterTest" time="0.001"/>
  <testcase name="testDSUB" classname="janala.interpreters.ConcolicInterpreterTest" time="0.0"/>
  <testcase name="testDUP2" classname="janala.interpreters.ConcolicInterpreterTest" time="0.001"/>
  <testcase name="testFADD" classname="janala.interpreters.ConcolicInterpreterTest" time="0.0"/>
  <testcase name="testFDIV" classname="janala.interpreters.ConcolicInterpreterTest" time="0.001"/>
  <testcase name="testFMUL" classname="janala.interpreters.ConcolicInterpreterTest" time="0.0"/>
  <testcase name="testFNEG" classname="janala.interpreters.ConcolicInterpreterTest" time="0.001"/>
  <testcase name="testFREM" classname="janala.interpreters.ConcolicInterpreterTest" time="0.0"/>
  <testcase name="testFRET" classname="janala.interpreters.ConcolicInterpreterTest" time="0.0"/>
  <testcase name="testFSUB" classname="janala.interpreters.ConcolicInterpreterTest" time="0.001"/>
  <testcase name="testIADD" classname="janala.interpreters.ConcolicInterpreterTest" time="0.0"/>
  <testcase name="testIAND" classname="janala.interpreters.ConcolicInterpreterTest" time="0.001"/>
  <testcase name="testIDIV" classname="janala.interpreters.ConcolicInterpreterTest" time="0.0"/>
  <testcase name="testIINC" classname="janala.interpreters.ConcolicInterpreterTest" time="0.0"/>
  <testcase name="testIMUL" classname="janala.interpreters.ConcolicInterpreterTest" time="0.001"/>
  <testcase name="testINEG" classname="janala.interpreters.ConcolicInterpreterTest" time="0.0"/>
  <testcase name="testIREM" classname="janala.interpreters.ConcolicInterpreterTest" time="0.001"/>
  <testcase name="testISHL" classname="janala.interpreters.ConcolicInterpreterTest" time="0.0"/>
  <testcase name="testISHR" classname="janala.interpreters.ConcolicInterpreterTest" time="0.001"/>
  <testcase name="testISUB" classname="janala.interpreters.ConcolicInterpreterTest" time="0.0"/>
  <testcase name="testIXOR" classname="janala.interpreters.ConcolicInterpreterTest" time="0.0"/>
  <testcase name="testLADD" classname="janala.interpreters.ConcolicInterpreterTest" time="0.0"/>
  <testcase name="testLAND" classname="janala.interpreters.ConcolicInterpreterTest" time="0.001"/>
  <testcase name="testLDIV" classname="janala.interpreters.ConcolicInterpreterTest" time="0.0"/>
  <testcase name="testLMUL" classname="janala.interpreters.ConcolicInterpreterTest" time="0.0"/>
  <testcase name="testLNEG" classname="janala.interpreters.ConcolicInterpreterTest" time="0.001"/>
  <testcase name="testLREM" classname="janala.interpreters.ConcolicInterpreterTest" time="0.001"/>
  <testcase name="testLSHL" classname="janala.interpreters.ConcolicInterpreterTest" time="0.0"/>
  <testcase name="testLSHR" classname="janala.interpreters.ConcolicInterpreterTest" time="0.001"/>
  <testcase name="testLSUB" classname="janala.interpreters.ConcolicInterpreterTest" time="0.0"/>
  <testcase name="testLXOR" classname="janala.interpreters.ConcolicInterpreterTest" time="0.001"/>
  <testcase name="testPOP2" classname="janala.interpreters.ConcolicInterpreterTest" time="0.0"/>
  <testcase name="testSWAP" classname="janala.interpreters.ConcolicInterpreterTest" time="0.001"/>
  <testcase name="testGETSTATIC" classname="janala.interpreters.ConcolicInterpreterTest" time="0.0"/>
  <testcase name="testPUTFIELD" classname="janala.interpreters.ConcolicInterpreterTest" time="0.001"/>
  <testcase name="testIFACMPNE_true" classname="janala.interpreters.ConcolicInterpreterTest" time="0.001"/>
  <testcase name="testLDC_double" classname="janala.interpreters.ConcolicInterpreterTest" time="0.0"/>
  <testcase name="testLRETURN" classname="janala.interpreters.ConcolicInterpreterTest" time="0.0"/>
  <testcase name="testGETFIELD" classname="janala.interpreters.ConcolicInterpreterTest" time="0.001"/>
  <testcase name="testLDC_float" classname="janala.interpreters.ConcolicInterpreterTest" time="0.0"/>
  <testcase name="testGetValueObject_failString" classname="janala.interpreters.ConcolicInterpreterTest" time="0.0"/>
  <testcase name="testAALOAD_Symbol" classname="janala.interpreters.ConcolicInterpreterTest" time="0.001"/>
  <testcase name="testCASTORE" classname="janala.interpreters.ConcolicInterpreterTest" time="0.0"/>
  <testcase name="testANEWARRAY" classname="janala.interpreters.ConcolicInterpreterTest" time="0.001"/>
  <testcase name="testINVOKESTATIC" classname="janala.interpreters.ConcolicInterpreterTest" time="0.0"/>
  <testcase name="testIFACMPNE_false" classname="janala.interpreters.ConcolicInterpreterTest" time="0.001"/>
  <testcase name="testIFICMPEQ_false" classname="janala.interpreters.ConcolicInterpreterTest" time="0.0"/>
  <testcase name="testFCONST_0" classname="janala.interpreters.ConcolicInterpreterTest" time="0.001"/>
  <testcase name="testFCONST_1" classname="janala.interpreters.ConcolicInterpreterTest" time="0.0"/>
  <testcase name="testFCONST_2" classname="janala.interpreters.ConcolicInterpreterTest" time="0.0"/>
  <testcase name="testIFEQ_false" classname="janala.interpreters.ConcolicInterpreterTest" time="0.001"/>
  <testcase name="testIFICMGE_true" classname="janala.interpreters.ConcolicInterpreterTest" time="0.0"/>
  <testcase name="testIFNE_true" classname="janala.interpreters.ConcolicInterpreterTest" time="0.001"/>
  <testcase name="testMONITOR" classname="janala.interpreters.ConcolicInterpreterTest" time="0.0"/>
  <testcase name="testIFACMPEQ_true" classname="janala.interpreters.ConcolicInterpreterTest" time="0.0"/>
  <testcase name="testIFICMLE_true" classname="janala.interpreters.ConcolicInterpreterTest" time="0.001"/>
  <testcase name="testICONST_M1" classname="janala.interpreters.ConcolicInterpreterTest" time="0.0"/>
  <testcase name="testMULTIANEWARRAY" classname="janala.interpreters.ConcolicInterpreterTest" time="0.0"/>
  <testcase name="testDASTORE" classname="janala.interpreters.ConcolicInterpreterTest" time="0.0"/>
  <testcase name="testLALOAD_Symbol" classname="janala.interpreters.ConcolicInterpreterTest" time="0.0"/>
  <testcase name="testGetValueLong_fail" classname="janala.interpreters.ConcolicInterpreterTest" time="0.0"/>
  <testcase name="testGetValueLong_pass" classname="janala.interpreters.ConcolicInterpreterTest" time="0.0"/>
  <testcase name="testIASTORE" classname="janala.interpreters.ConcolicInterpreterTest" time="0.0"/>
  <testcase name="testICONST0" classname="janala.interpreters.ConcolicInterpreterTest" time="0.0"/>
  <testcase name="testICONST1" classname="janala.interpreters.ConcolicInterpreterTest" time="0.001"/>
  <testcase name="testICONST2" classname="janala.interpreters.ConcolicInterpreterTest" time="0.0"/>
  <testcase name="testICONST3" classname="janala.interpreters.ConcolicInterpreterTest" time="0.001"/>
  <testcase name="testICONST4" classname="janala.interpreters.ConcolicInterpreterTest" time="0.0"/>
  <testcase name="testICONST5" classname="janala.interpreters.ConcolicInterpreterTest" time="0.001"/>
  <testcase name="testIFICMGT_true" classname="janala.interpreters.ConcolicInterpreterTest" time="0.001"/>
  <testcase name="testGetValueObject_failObj" classname="janala.interpreters.ConcolicInterpreterTest" time="0.0"/>
  <testcase name="testIFICMPNE_false" classname="janala.interpreters.ConcolicInterpreterTest" time="0.001"/>
  <testcase name="testIFICMPLT_true" classname="janala.interpreters.ConcolicInterpreterTest" time="0.0"/>
  <testcase name="testSASTORE" classname="janala.interpreters.ConcolicInterpreterTest" time="0.001"/>
  <testcase name="testDCONST_0" classname="janala.interpreters.ConcolicInterpreterTest" time="0.0"/>
  <testcase name="testDCONST_1" classname="janala.interpreters.ConcolicInterpreterTest" time="0.001"/>
  <testcase name="testIFNE_false" classname="janala.interpreters.ConcolicInterpreterTest" time="0.0"/>
  <testcase name="testINVOKESPECIAL" classname="janala.interpreters.ConcolicInterpreterTest" time="0.0"/>
  <testcase name="testDUP2_X1" classname="janala.interpreters.ConcolicInterpreterTest" time="0.0"/>
  <testcase name="testDUP2_X2" classname="janala.interpreters.ConcolicInterpreterTest" time="0.0"/>
  <testcase name="testIRETURN" classname="janala.interpreters.ConcolicInterpreterTest" time="0.0"/>
  <testcase name="testIFNONNULL_fail" classname="janala.interpreters.ConcolicInterpreterTest" time="0.001"/>
  <testcase name="testIFNONNULL_pass" classname="janala.interpreters.ConcolicInterpreterTest" time="0.0"/>
  <testcase name="testIFEQ_true" classname="janala.interpreters.ConcolicInterpreterTest" time="0.001"/>
  <testcase name="testGetValueShort_fail" classname="janala.interpreters.ConcolicInterpreterTest" time="0.0"/>
  <testcase name="testGetValueShort_pass" classname="janala.interpreters.ConcolicInterpreterTest" time="0.001"/>
  <testcase name="testTABLESWITCH" classname="janala.interpreters.ConcolicInterpreterTest" time="0.0"/>
  <testcase name="testIALOAD_Symbol" classname="janala.interpreters.ConcolicInterpreterTest" time="0.0"/>
  <testcase name="testIFICMPGE_false" classname="janala.interpreters.ConcolicInterpreterTest" time="0.0"/>
  <testcase name="testAALOAD" classname="janala.interpreters.ConcolicInterpreterTest" time="0.001"/>
  <testcase name="testASTORE" classname="janala.interpreters.ConcolicInterpreterTest" time="0.0"/>
  <testcase name="testATHROW" classname="janala.interpreters.ConcolicInterpreterTest" time="0.001"/>
  <testcase name="testBALOAD" classname="janala.interpreters.ConcolicInterpreterTest" time="0.0"/>
  <testcase name="testBIPUSH" classname="janala.interpreters.ConcolicInterpreterTest" time="0.001"/>
  <testcase name="testCALOAD" classname="janala.interpreters.ConcolicInterpreterTest" time="0.0"/>
  <testcase name="testDALOAD" classname="janala.interpreters.ConcolicInterpreterTest" time="0.0"/>
  <testcase name="testARRAYLENGTH" classname="janala.interpreters.ConcolicInterpreterTest" time="0.0"/>
  <testcase name="testIFICMPLE_false" classname="janala.interpreters.ConcolicInterpreterTest" time="0.001"/>
  <testcase name="testDSTORE" classname="janala.interpreters.ConcolicInterpreterTest" time="0.0"/>
  <testcase name="testDUP_X1" classname="janala.interpreters.ConcolicInterpreterTest" time="0.001"/>
  <testcase name="testDUP_X2" classname="janala.interpreters.ConcolicInterpreterTest" time="0.0"/>
  <testcase name="testIFGE_false" classname="janala.interpreters.ConcolicInterpreterTest" time="0.001"/>
  <testcase name="testFALOAD" classname="janala.interpreters.ConcolicInterpreterTest" time="0.0"/>
  <testcase name="testFSTORE" classname="janala.interpreters.ConcolicInterpreterTest" time="0.0"/>
  <testcase name="testIALOAD" classname="janala.interpreters.ConcolicInterpreterTest" time="0.001"/>
  <testcase name="testIFLE_false" classname="janala.interpreters.ConcolicInterpreterTest" time="0.0"/>
  <testcase name="testISTORE" classname="janala.interpreters.ConcolicInterpreterTest" time="0.0"/>
  <testcase name="testACONST_NULL" classname="janala.interpreters.ConcolicInterpreterTest" time="0.001"/>
  <testcase name="testLALOAD" classname="janala.interpreters.ConcolicInterpreterTest" time="0.0"/>
  <testcase name="testLOOKUP" classname="janala.interpreters.ConcolicInterpreterTest" time="0.0"/>
  <testcase name="testLSTORE" classname="janala.interpreters.ConcolicInterpreterTest" time="0.001"/>
  <testcase name="testINVOKEINTERFACE" classname="janala.interpreters.ConcolicInterpreterTest" time="0.0"/>
  <testcase name="testIFICMPGT_false" classname="janala.interpreters.ConcolicInterpreterTest" time="0.0"/>
  <testcase name="testGetValueChar_fail" classname="janala.interpreters.ConcolicInterpreterTest" time="0.001"/>
  <testcase name="testGetValueChar_pass" classname="janala.interpreters.ConcolicInterpreterTest" time="0.0"/>
  <testcase name="testSALOAD" classname="janala.interpreters.ConcolicInterpreterTest" time="0.0"/>
  <testcase name="testIFICMPLT_false" classname="janala.interpreters.ConcolicInterpreterTest" time="0.001"/>
  <testcase name="testSIPUSH" classname="janala.interpreters.ConcolicInterpreterTest" time="0.0"/>
  <testcase name="testIFGT_false" classname="janala.interpreters.ConcolicInterpreterTest" time="0.0"/>
  <testcase name="testAASTORE" classname="janala.interpreters.ConcolicInterpreterTest" time="0.001"/>
  <testcase name="testIFICMNE_true" classname="janala.interpreters.ConcolicInterpreterTest" time="0.0"/>
  <testcase name="testIFLT_false" classname="janala.interpreters.ConcolicInterpreterTest" time="0.001"/>
  <testcase name="testFASTORE" classname="janala.interpreters.ConcolicInterpreterTest" time="0.0"/>
  <testcase name="testPUTSTATIC" classname="janala.interpreters.ConcolicInterpreterTest" time="0.001"/>
  <testcase name="testGetValueInt_fail" classname="janala.interpreters.ConcolicInterpreterTest" time="0.001"/>
  <testcase name="testGetValueInt_pass" classname="janala.interpreters.ConcolicInterpreterTest" time="0.001"/>
  <testcase name="testINVOKEMETHOD_EXCEPTION" classname="janala.interpreters.ConcolicInterpreterTest" time="0.0"/>
  <testcase name="testINVOKEMETHOD_END" classname="janala.interpreters.ConcolicInterpreterTest" time="0.001"/>
  <system-out><![CDATA[x1 at iid 0 and index 0
janala.interpreters.SymbolicObject@2a362de4
x3 at iid 0 and index 0
x5 at iid 0 and index 0
]]></system-out>
  <system-err><![CDATA[]]></system-err>
</testsuite>
