<?xml version="1.0" encoding="UTF-8"?>
<testsuite name="janala.interpreters.FloatValueTest" tests="9" skipped="0" failures="0" errors="0" timestamp="2021-03-26T04:27:06" hostname="ubuntu" time="0.012">
  <properties/>
  <testcase name="testFCMPG" classname="janala.interpreters.FloatValueTest" time="0.003"/>
  <testcase name="testFCMPL" classname="janala.interpreters.FloatValueTest" time="0.001"/>
  <testcase name="testEqual" classname="janala.interpreters.FloatValueTest" time="0.0"/>
  <testcase name="testFADD" classname="janala.interpreters.FloatValueTest" time="0.0"/>
  <testcase name="testFDIV" classname="janala.interpreters.FloatValueTest" time="0.001"/>
  <testcase name="testFMUL" classname="janala.interpreters.FloatValueTest" time="0.001"/>
  <testcase name="testFNEG" classname="janala.interpreters.FloatValueTest" time="0.002"/>
  <testcase name="testFREM" classname="janala.interpreters.FloatValueTest" time="0.001"/>
  <testcase name="testFSUB" classname="janala.interpreters.FloatValueTest" time="0.001"/>
  <system-out><![CDATA[]]></system-out>
  <system-err><![CDATA[]]></system-err>
</testsuite>
