<?xml version="1.0" encoding="UTF-8"?>
<testsuite name="janala.interpreters.StaticInvocationTest" tests="7" skipped="0" failures="0" errors="0" timestamp="2021-03-26T04:27:06" hostname="ubuntu" time="0.012">
  <properties/>
  <testcase name="testLongValueOf" classname="janala.interpreters.StaticInvocationTest" time="0.007"/>
  <testcase name="testIntegerValueOf" classname="janala.interpreters.StaticInvocationTest" time="0.0"/>
  <testcase name="testEndScope" classname="janala.interpreters.StaticInvocationTest" time="0.001"/>
  <testcase name="testForceTruth" classname="janala.interpreters.StaticInvocationTest" time="0.0"/>
  <testcase name="testMakeSymbolic" classname="janala.interpreters.StaticInvocationTest" time="0.002"/>
  <testcase name="testBeginScope" classname="janala.interpreters.StaticInvocationTest" time="0.0"/>
  <testcase name="testAssume" classname="janala.interpreters.StaticInvocationTest" time="0.001"/>
  <system-out><![CDATA[]]></system-out>
  <system-err><![CDATA[]]></system-err>
</testsuite>
