<?xml version="1.0" encoding="UTF-8"?>
<testsuite name="janala.logger.ClassNamesTest" tests="1" skipped="0" failures="0" errors="0" timestamp="2021-03-26T04:27:05" hostname="ubuntu" time="0.002">
  <properties/>
  <testcase name="testGet" classname="janala.logger.ClassNamesTest" time="0.002"/>
  <system-out><![CDATA[]]></system-out>
  <system-err><![CDATA[]]></system-err>
</testsuite>
