<?xml version="1.0" encoding="UTF-8"?>
<testsuite name="janala.solvers.ElementTest" tests="2" skipped="0" failures="0" errors="0" timestamp="2021-03-26T04:27:06" hostname="ubuntu" time="0.114">
  <properties/>
  <testcase name="testMethodElement" classname="janala.solvers.ElementTest" time="0.11"/>
  <testcase name="testBranchElement" classname="janala.solvers.ElementTest" time="0.004"/>
  <system-out><![CDATA[]]></system-out>
  <system-err><![CDATA[]]></system-err>
</testsuite>
