<?xml version="1.0" encoding="UTF-8"?>
<testsuite name="janala.instrument.InstrumentGlobalStateTest" tests="1" skipped="0" failures="0" errors="0" timestamp="2021-03-26T04:27:07" hostname="ubuntu" time="0.0">
  <properties/>
  <testcase name="testIds" classname="janala.instrument.InstrumentGlobalStateTest" time="0.0"/>
  <system-out><![CDATA[]]></system-out>
  <system-err><![CDATA[]]></system-err>
</testsuite>
