<?xml version="1.0" encoding="UTF-8"?>
<testsuite name="janala.interpreters.ObjectValueTest" tests="4" skipped="0" failures="0" errors="0" timestamp="2021-03-26T04:27:06" hostname="ubuntu" time="0.0">
  <properties/>
  <testcase name="testField" classname="janala.interpreters.ObjectValueTest" time="0.0"/>
  <testcase name="testConstruction" classname="janala.interpreters.ObjectValueTest" time="0.0"/>
  <testcase name="testIF_NULL" classname="janala.interpreters.ObjectValueTest" time="0.0"/>
  <testcase name="testIF_ACMPEQ" classname="janala.interpreters.ObjectValueTest" time="0.0"/>
  <system-out><![CDATA[]]></system-out>
  <system-err><![CDATA[]]></system-err>
</testsuite>
