<?xml version="1.0" encoding="UTF-8"?>
<testsuite name="janala.interpreters.InterpreterTest" tests="1" skipped="0" failures="0" errors="0" timestamp="2021-05-09T07:13:11" hostname="ubuntu" time="0.0">
  <properties/>
  <testcase name="testClassTemplate" classname="janala.interpreters.InterpreterTest" time="0.0"/>
  <system-out><![CDATA[]]></system-out>
  <system-err><![CDATA[]]></system-err>
</testsuite>
