<?xml version="1.0" encoding="UTF-8"?>
<testsuite name="janala.logger.StringLoggerTest" tests="175" skipped="0" failures="0" errors="0" timestamp="2021-05-09T07:13:09" hostname="ubuntu" time="0.159">
  <properties/>
  <testcase name="testIF_ICMPEQ" classname="janala.logger.StringLoggerTest" time="0.09"/>
  <testcase name="testIF_ICMPGE" classname="janala.logger.StringLoggerTest" time="0.0"/>
  <testcase name="testIF_ICMPGT" classname="janala.logger.StringLoggerTest" time="0.0"/>
  <testcase name="testIF_ICMPLE" classname="janala.logger.StringLoggerTest" time="0.0"/>
  <testcase name="testIF_ICMPLT" classname="janala.logger.StringLoggerTest" time="0.0"/>
  <testcase name="testIF_ICMPNE" classname="janala.logger.StringLoggerTest" time="0.0"/>
  <testcase name="testAReturn" classname="janala.logger.StringLoggerTest" time="0.0"/>
  <testcase name="testFReturn" classname="janala.logger.StringLoggerTest" time="0.001"/>
  <testcase name="testInvokeVirtual" classname="janala.logger.StringLoggerTest" time="0.0"/>
  <testcase name="testPutField" classname="janala.logger.StringLoggerTest" time="0.0"/>
  <testcase name="testBASTORE" classname="janala.logger.StringLoggerTest" time="0.0"/>
  <testcase name="testNEWARRAY" classname="janala.logger.StringLoggerTest" time="0.001"/>
  <testcase name="testD2F" classname="janala.logger.StringLoggerTest" time="0.0"/>
  <testcase name="testD2I" classname="janala.logger.StringLoggerTest" time="0.0"/>
  <testcase name="testD2L" classname="janala.logger.StringLoggerTest" time="0.001"/>
  <testcase name="testDUP" classname="janala.logger.StringLoggerTest" time="0.001"/>
  <testcase name="testF2D" classname="janala.logger.StringLoggerTest" time="0.0"/>
  <testcase name="testF2I" classname="janala.logger.StringLoggerTest" time="0.001"/>
  <testcase name="testF2L" classname="janala.logger.StringLoggerTest" time="0.0"/>
  <testcase name="testI2B" classname="janala.logger.StringLoggerTest" time="0.0"/>
  <testcase name="testI2C" classname="janala.logger.StringLoggerTest" time="0.001"/>
  <testcase name="testI2D" classname="janala.logger.StringLoggerTest" time="0.0"/>
  <testcase name="testI2F" classname="janala.logger.StringLoggerTest" time="0.0"/>
  <testcase name="testI2L" classname="janala.logger.StringLoggerTest" time="0.0"/>
  <testcase name="testI2S" classname="janala.logger.StringLoggerTest" time="0.0"/>
  <testcase name="testIOr" classname="janala.logger.StringLoggerTest" time="0.001"/>
  <testcase name="testJSR" classname="janala.logger.StringLoggerTest" time="0.0"/>
  <testcase name="testL2D" classname="janala.logger.StringLoggerTest" time="0.0"/>
  <testcase name="testL2F" classname="janala.logger.StringLoggerTest" time="0.0"/>
  <testcase name="testL2I" classname="janala.logger.StringLoggerTest" time="0.0"/>
  <testcase name="testLOr" classname="janala.logger.StringLoggerTest" time="0.0"/>
  <testcase name="testNOP" classname="janala.logger.StringLoggerTest" time="0.0"/>
  <testcase name="testNew" classname="janala.logger.StringLoggerTest" time="0.0"/>
  <testcase name="testPOP" classname="janala.logger.StringLoggerTest" time="0.001"/>
  <testcase name="testRet" classname="janala.logger.StringLoggerTest" time="0.0"/>
  <testcase name="testLASTORE" classname="janala.logger.StringLoggerTest" time="0.0"/>
  <testcase name="testALoad" classname="janala.logger.StringLoggerTest" time="0.0"/>
  <testcase name="testDCMPG" classname="janala.logger.StringLoggerTest" time="0.0"/>
  <testcase name="testDCMPL" classname="janala.logger.StringLoggerTest" time="0.0"/>
  <testcase name="testDLoad" classname="janala.logger.StringLoggerTest" time="0.0"/>
  <testcase name="testFCMPG" classname="janala.logger.StringLoggerTest" time="0.001"/>
  <testcase name="testFCMPL" classname="janala.logger.StringLoggerTest" time="0.0"/>
  <testcase name="testFLoad" classname="janala.logger.StringLoggerTest" time="0.0"/>
  <testcase name="testField" classname="janala.logger.StringLoggerTest" time="0.0"/>
  <testcase name="testILoad" classname="janala.logger.StringLoggerTest" time="0.0"/>
  <testcase name="testIUshr" classname="janala.logger.StringLoggerTest" time="0.0"/>
  <testcase name="testLLoad" classname="janala.logger.StringLoggerTest" time="0.0"/>
  <testcase name="testLUshr" classname="janala.logger.StringLoggerTest" time="0.001"/>
  <testcase name="testMedthod_2" classname="janala.logger.StringLoggerTest" time="0.0"/>
  <testcase name="testDDiv" classname="janala.logger.StringLoggerTest" time="0.0"/>
  <testcase name="testDMul" classname="janala.logger.StringLoggerTest" time="0.001"/>
  <testcase name="testDNeg" classname="janala.logger.StringLoggerTest" time="0.001"/>
  <testcase name="testDRem" classname="janala.logger.StringLoggerTest" time="0.0"/>
  <testcase name="testDSub" classname="janala.logger.StringLoggerTest" time="0.001"/>
  <testcase name="testDUP2" classname="janala.logger.StringLoggerTest" time="0.0"/>
  <testcase name="testDadd" classname="janala.logger.StringLoggerTest" time="0.0"/>
  <testcase name="testFAdd" classname="janala.logger.StringLoggerTest" time="0.001"/>
  <testcase name="testFDiv" classname="janala.logger.StringLoggerTest" time="0.0"/>
  <testcase name="testFMul" classname="janala.logger.StringLoggerTest" time="0.0"/>
  <testcase name="testFNeg" classname="janala.logger.StringLoggerTest" time="0.0"/>
  <testcase name="testFRem" classname="janala.logger.StringLoggerTest" time="0.0"/>
  <testcase name="testFSub" classname="janala.logger.StringLoggerTest" time="0.0"/>
  <testcase name="testGOTO" classname="janala.logger.StringLoggerTest" time="0.0"/>
  <testcase name="testIAND" classname="janala.logger.StringLoggerTest" time="0.0"/>
  <testcase name="testIAdd" classname="janala.logger.StringLoggerTest" time="0.0"/>
  <testcase name="testIDiv" classname="janala.logger.StringLoggerTest" time="0.0"/>
  <testcase name="testIFEQ" classname="janala.logger.StringLoggerTest" time="0.0"/>
  <testcase name="testIFGE" classname="janala.logger.StringLoggerTest" time="0.0"/>
  <testcase name="testIFGT" classname="janala.logger.StringLoggerTest" time="0.0"/>
  <testcase name="testIFLE" classname="janala.logger.StringLoggerTest" time="0.0"/>
  <testcase name="testIFLT" classname="janala.logger.StringLoggerTest" time="0.0"/>
  <testcase name="testIFNE" classname="janala.logger.StringLoggerTest" time="0.0"/>
  <testcase name="testIINC" classname="janala.logger.StringLoggerTest" time="0.0"/>
  <testcase name="testIMul" classname="janala.logger.StringLoggerTest" time="0.0"/>
  <testcase name="testINeg" classname="janala.logger.StringLoggerTest" time="0.0"/>
  <testcase name="testIRem" classname="janala.logger.StringLoggerTest" time="0.0"/>
  <testcase name="testIShl" classname="janala.logger.StringLoggerTest" time="0.0"/>
  <testcase name="testIShr" classname="janala.logger.StringLoggerTest" time="0.0"/>
  <testcase name="testISub" classname="janala.logger.StringLoggerTest" time="0.0"/>
  <testcase name="testIXor" classname="janala.logger.StringLoggerTest" time="0.0"/>
  <testcase name="testLAdd" classname="janala.logger.StringLoggerTest" time="0.001"/>
  <testcase name="testLAnd" classname="janala.logger.StringLoggerTest" time="0.0"/>
  <testcase name="testLCMP" classname="janala.logger.StringLoggerTest" time="0.0"/>
  <testcase name="testLDC1" classname="janala.logger.StringLoggerTest" time="0.001"/>
  <testcase name="testLDC2" classname="janala.logger.StringLoggerTest" time="0.0"/>
  <testcase name="testLDC3" classname="janala.logger.StringLoggerTest" time="0.0"/>
  <testcase name="testLDC4" classname="janala.logger.StringLoggerTest" time="0.001"/>
  <testcase name="testLDC5" classname="janala.logger.StringLoggerTest" time="0.0"/>
  <testcase name="testLDC6" classname="janala.logger.StringLoggerTest" time="0.0"/>
  <testcase name="testLDiv" classname="janala.logger.StringLoggerTest" time="0.0"/>
  <testcase name="testLMul" classname="janala.logger.StringLoggerTest" time="0.001"/>
  <testcase name="testLNeg" classname="janala.logger.StringLoggerTest" time="0.0"/>
  <testcase name="testLRem" classname="janala.logger.StringLoggerTest" time="0.0"/>
  <testcase name="testLShl" classname="janala.logger.StringLoggerTest" time="0.001"/>
  <testcase name="testLShr" classname="janala.logger.StringLoggerTest" time="0.0"/>
  <testcase name="testLSub" classname="janala.logger.StringLoggerTest" time="0.0"/>
  <testcase name="testLXor" classname="janala.logger.StringLoggerTest" time="0.0"/>
  <testcase name="testPOP2" classname="janala.logger.StringLoggerTest" time="0.0"/>
  <testcase name="testSWAP" classname="janala.logger.StringLoggerTest" time="0.0"/>
  <testcase name="testLReturn" classname="janala.logger.StringLoggerTest" time="0.0"/>
  <testcase name="testCASTORE" classname="janala.logger.StringLoggerTest" time="0.0"/>
  <testcase name="testGetValue_byte" classname="janala.logger.StringLoggerTest" time="0.0"/>
  <testcase name="testGetValue_char" classname="janala.logger.StringLoggerTest" time="0.0"/>
  <testcase name="testGetValue_long" classname="janala.logger.StringLoggerTest" time="0.0"/>
  <testcase name="testGetValue_void" classname="janala.logger.StringLoggerTest" time="0.0"/>
  <testcase name="testLOOKUPSWITCH" classname="janala.logger.StringLoggerTest" time="0.001"/>
  <testcase name="testGetValue_boolean" classname="janala.logger.StringLoggerTest" time="0.0"/>
  <testcase name="testFCONST_0" classname="janala.logger.StringLoggerTest" time="0.001"/>
  <testcase name="testFCONST_1" classname="janala.logger.StringLoggerTest" time="0.0"/>
  <testcase name="testFCONST_2" classname="janala.logger.StringLoggerTest" time="0.0"/>
  <testcase name="testMakeSymbolic" classname="janala.logger.StringLoggerTest" time="0.0"/>
  <testcase name="testArrayLength" classname="janala.logger.StringLoggerTest" time="0.0"/>
  <testcase name="testInvokeSpecial" classname="janala.logger.StringLoggerTest" time="0.0"/>
  <testcase name="testICONST_M1" classname="janala.logger.StringLoggerTest" time="0.0"/>
  <testcase name="testMULTIANEWARRAY" classname="janala.logger.StringLoggerTest" time="0.0"/>
  <testcase name="testDASTORE" classname="janala.logger.StringLoggerTest" time="0.001"/>
  <testcase name="testIFNONNULL" classname="janala.logger.StringLoggerTest" time="0.0"/>
  <testcase name="testInstanceOf" classname="janala.logger.StringLoggerTest" time="0.0"/>
  <testcase name="testPutStatic" classname="janala.logger.StringLoggerTest" time="0.0"/>
  <testcase name="testIASTORE" classname="janala.logger.StringLoggerTest" time="0.0"/>
  <testcase name="testGetValue_int" classname="janala.logger.StringLoggerTest" time="0.0"/>
  <testcase name="testMethod_1" classname="janala.logger.StringLoggerTest" time="0.0"/>
  <testcase name="testMonitor2" classname="janala.logger.StringLoggerTest" time="0.0"/>
  <testcase name="testSASTORE" classname="janala.logger.StringLoggerTest" time="0.001"/>
  <testcase name="testInvokeStatic" classname="janala.logger.StringLoggerTest" time="0.0"/>
  <testcase name="testDCONST_0" classname="janala.logger.StringLoggerTest" time="0.0"/>
  <testcase name="testDCONST_1" classname="janala.logger.StringLoggerTest" time="0.0"/>
  <testcase name="testDReturn" classname="janala.logger.StringLoggerTest" time="0.0"/>
  <testcase name="testDUP2_X1" classname="janala.logger.StringLoggerTest" time="0.001"/>
  <testcase name="testDUP2_X2" classname="janala.logger.StringLoggerTest" time="0.0"/>
  <testcase name="testICONST_0" classname="janala.logger.StringLoggerTest" time="0.0"/>
  <testcase name="testICONST_1" classname="janala.logger.StringLoggerTest" time="0.0"/>
  <testcase name="testICONST_2" classname="janala.logger.StringLoggerTest" time="0.0"/>
  <testcase name="testICONST_3" classname="janala.logger.StringLoggerTest" time="0.0"/>
  <testcase name="testICONST_4" classname="janala.logger.StringLoggerTest" time="0.0"/>
  <testcase name="testICONST_5" classname="janala.logger.StringLoggerTest" time="0.001"/>
  <testcase name="testIReturn" classname="janala.logger.StringLoggerTest" time="0.0"/>
  <testcase name="testMonitor" classname="janala.logger.StringLoggerTest" time="0.0"/>
  <testcase name="testTABLESWITCH" classname="janala.logger.StringLoggerTest" time="0.001"/>
  <testcase name="testCheckCast" classname="janala.logger.StringLoggerTest" time="0.0"/>
  <testcase name="testAALOAD" classname="janala.logger.StringLoggerTest" time="0.001"/>
  <testcase name="testAStore" classname="janala.logger.StringLoggerTest" time="0.0"/>
  <testcase name="testAThrow" classname="janala.logger.StringLoggerTest" time="0.0"/>
  <testcase name="testBALOAD" classname="janala.logger.StringLoggerTest" time="0.0"/>
  <testcase name="testCALOAD" classname="janala.logger.StringLoggerTest" time="0.0"/>
  <testcase name="testBiPush" classname="janala.logger.StringLoggerTest" time="0.0"/>
  <testcase name="testDALOAD" classname="janala.logger.StringLoggerTest" time="0.001"/>
  <testcase name="testDStore" classname="janala.logger.StringLoggerTest" time="0.001"/>
  <testcase name="testDUP_X1" classname="janala.logger.StringLoggerTest" time="0.0"/>
  <testcase name="testDUP_X2" classname="janala.logger.StringLoggerTest" time="0.0"/>
  <testcase name="testFALOAD" classname="janala.logger.StringLoggerTest" time="0.0"/>
  <testcase name="testGetValue_floag" classname="janala.logger.StringLoggerTest" time="0.0"/>
  <testcase name="testGetValue_short" classname="janala.logger.StringLoggerTest" time="0.0"/>
  <testcase name="testFStore" classname="janala.logger.StringLoggerTest" time="0.0"/>
  <testcase name="testIALOAD" classname="janala.logger.StringLoggerTest" time="0.0"/>
  <testcase name="testIFNULL" classname="janala.logger.StringLoggerTest" time="0.001"/>
  <testcase name="testIStore" classname="janala.logger.StringLoggerTest" time="0.0"/>
  <testcase name="testACONST_NULL" classname="janala.logger.StringLoggerTest" time="0.0"/>
  <testcase name="testInvokeInterface" classname="janala.logger.StringLoggerTest" time="0.0"/>
  <testcase name="testGetStatic" classname="janala.logger.StringLoggerTest" time="0.0"/>
  <testcase name="testLALOAD" classname="janala.logger.StringLoggerTest" time="0.0"/>
  <testcase name="testLStore" classname="janala.logger.StringLoggerTest" time="0.001"/>
  <testcase name="testLCONST_0" classname="janala.logger.StringLoggerTest" time="0.0"/>
  <testcase name="testLCONST_1" classname="janala.logger.StringLoggerTest" time="0.0"/>
  <testcase name="testSALOAD" classname="janala.logger.StringLoggerTest" time="0.001"/>
  <testcase name="testReturn" classname="janala.logger.StringLoggerTest" time="0.001"/>
  <testcase name="testSIPush" classname="janala.logger.StringLoggerTest" time="0.0"/>
  <testcase name="testAASTORE" classname="janala.logger.StringLoggerTest" time="0.0"/>
  <testcase name="testGetValue_double" classname="janala.logger.StringLoggerTest" time="0.0"/>
  <testcase name="testFASTORE" classname="janala.logger.StringLoggerTest" time="0.001"/>
  <testcase name="testSpecial" classname="janala.logger.StringLoggerTest" time="0.0"/>
  <testcase name="testIF_ACMPEQ" classname="janala.logger.StringLoggerTest" time="0.001"/>
  <testcase name="testIF_ACMPNE" classname="janala.logger.StringLoggerTest" time="0.0"/>
  <testcase name="testNewArray" classname="janala.logger.StringLoggerTest" time="0.0"/>
  <testcase name="testGetValue_object" classname="janala.logger.StringLoggerTest" time="0.0"/>
  <system-out><![CDATA[]]></system-out>
  <system-err><![CDATA[]]></system-err>
</testsuite>
