<?xml version="1.0" encoding="UTF-8"?>
<testsuite name="janala.logger.DJVMTest" tests="18" skipped="0" failures="0" errors="0" timestamp="2021-05-09T07:13:10" hostname="ubuntu" time="0.342">
  <properties/>
  <testcase name="testLDC" classname="janala.logger.DJVMTest" time="0.28"/>
  <testcase name="testNew" classname="janala.logger.DJVMTest" time="0.001"/>
  <testcase name="testSpecials" classname="janala.logger.DJVMTest" time="0.003"/>
  <testcase name="testAllInsn" classname="janala.logger.DJVMTest" time="0.019"/>
  <testcase name="testOtherInsn" classname="janala.logger.DJVMTest" time="0.006"/>
  <testcase name="testField" classname="janala.logger.DJVMTest" time="0.002"/>
  <testcase name="testIINC" classname="janala.logger.DJVMTest" time="0.001"/>
  <testcase name="testNumberInsn" classname="janala.logger.DJVMTest" time="0.003"/>
  <testcase name="testLogicInsn" classname="janala.logger.DJVMTest" time="0.002"/>
  <testcase name="testIF" classname="janala.logger.DJVMTest" time="0.005"/>
  <testcase name="testGETVALUE" classname="janala.logger.DJVMTest" time="0.003"/>
  <testcase name="testLOOKUPSWITCH" classname="janala.logger.DJVMTest" time="0.002"/>
  <testcase name="testVarInsn" classname="janala.logger.DJVMTest" time="0.002"/>
  <testcase name="testTypeInsn" classname="janala.logger.DJVMTest" time="0.001"/>
  <testcase name="testMULTIANEWARRAY" classname="janala.logger.DJVMTest" time="0.001"/>
  <testcase name="testTABLESWITCH" classname="janala.logger.DJVMTest" time="0.001"/>
  <testcase name="testMathInsn" classname="janala.logger.DJVMTest" time="0.004"/>
  <testcase name="testInvoke" classname="janala.logger.DJVMTest" time="0.0"/>
  <system-out><![CDATA[]]></system-out>
  <system-err><![CDATA[]]></system-err>
</testsuite>
