<?xml version="1.0" encoding="UTF-8"?>
<testsuite name="janala.interpreters.StaticInvocationTest" tests="7" skipped="0" failures="0" errors="0" timestamp="2021-05-09T07:13:11" hostname="ubuntu" time="0.03">
  <properties/>
  <testcase name="testLongValueOf" classname="janala.interpreters.StaticInvocationTest" time="0.024"/>
  <testcase name="testIntegerValueOf" classname="janala.interpreters.StaticInvocationTest" time="0.0"/>
  <testcase name="testEndScope" classname="janala.interpreters.StaticInvocationTest" time="0.001"/>
  <testcase name="testForceTruth" classname="janala.interpreters.StaticInvocationTest" time="0.001"/>
  <testcase name="testMakeSymbolic" classname="janala.interpreters.StaticInvocationTest" time="0.003"/>
  <testcase name="testBeginScope" classname="janala.interpreters.StaticInvocationTest" time="0.001"/>
  <testcase name="testAssume" classname="janala.interpreters.StaticInvocationTest" time="0.0"/>
  <system-out><![CDATA[]]></system-out>
  <system-err><![CDATA[]]></system-err>
</testsuite>
