<?xml version="1.0" encoding="UTF-8"?>
<testsuite name="janala.solvers.ElementTest" tests="2" skipped="0" failures="0" errors="0" timestamp="2021-05-09T07:13:10" hostname="ubuntu" time="0.137">
  <properties/>
  <testcase name="testMethodElement" classname="janala.solvers.ElementTest" time="0.131"/>
  <testcase name="testBranchElement" classname="janala.solvers.ElementTest" time="0.005"/>
  <system-out><![CDATA[]]></system-out>
  <system-err><![CDATA[]]></system-err>
</testsuite>
