<?xml version="1.0" encoding="UTF-8"?>
<testsuite name="janala.instrument.MethodInstrumenterTest" tests="161" skipped="0" failures="0" errors="0" timestamp="2021-05-09T07:13:11" hostname="ubuntu" time="0.076">
  <properties/>
  <testcase name="testIF_ICMPEQ" classname="janala.instrument.MethodInstrumenterTest" time="0.014"/>
  <testcase name="testIF_ICMPGE" classname="janala.instrument.MethodInstrumenterTest" time="0.0"/>
  <testcase name="testIF_ICMPGT" classname="janala.instrument.MethodInstrumenterTest" time="0.0"/>
  <testcase name="testIF_ICMPLE" classname="janala.instrument.MethodInstrumenterTest" time="0.001"/>
  <testcase name="testIF_ICMPLT" classname="janala.instrument.MethodInstrumenterTest" time="0.0"/>
  <testcase name="testIF_ICMPNE" classname="janala.instrument.MethodInstrumenterTest" time="0.0"/>
  <testcase name="testARETURN" classname="janala.instrument.MethodInstrumenterTest" time="0.0"/>
  <testcase name="testLdcForArray" classname="janala.instrument.MethodInstrumenterTest" time="0.001"/>
  <testcase name="testLdcForFloat" classname="janala.instrument.MethodInstrumenterTest" time="0.0"/>
  <testcase name="testLookupSwitchInsn" classname="janala.instrument.MethodInstrumenterTest" time="0.001"/>
  <testcase name="testFRETURN" classname="janala.instrument.MethodInstrumenterTest" time="0.0"/>
  <testcase name="testBASTORE" classname="janala.instrument.MethodInstrumenterTest" time="0.0"/>
  <testcase name="testNEWARRAY" classname="janala.instrument.MethodInstrumenterTest" time="0.0"/>
  <testcase name="testD2F" classname="janala.instrument.MethodInstrumenterTest" time="0.0"/>
  <testcase name="testD2I" classname="janala.instrument.MethodInstrumenterTest" time="0.001"/>
  <testcase name="testD2L" classname="janala.instrument.MethodInstrumenterTest" time="0.001"/>
  <testcase name="testDUP" classname="janala.instrument.MethodInstrumenterTest" time="0.0"/>
  <testcase name="testF2D" classname="janala.instrument.MethodInstrumenterTest" time="0.0"/>
  <testcase name="testF2I" classname="janala.instrument.MethodInstrumenterTest" time="0.0"/>
  <testcase name="testF2L" classname="janala.instrument.MethodInstrumenterTest" time="0.0"/>
  <testcase name="testI2B" classname="janala.instrument.MethodInstrumenterTest" time="0.0"/>
  <testcase name="testI2C" classname="janala.instrument.MethodInstrumenterTest" time="0.001"/>
  <testcase name="testI2D" classname="janala.instrument.MethodInstrumenterTest" time="0.0"/>
  <testcase name="testI2F" classname="janala.instrument.MethodInstrumenterTest" time="0.001"/>
  <testcase name="testI2L" classname="janala.instrument.MethodInstrumenterTest" time="0.0"/>
  <testcase name="testI2S" classname="janala.instrument.MethodInstrumenterTest" time="0.0"/>
  <testcase name="testIOR" classname="janala.instrument.MethodInstrumenterTest" time="0.001"/>
  <testcase name="testJSR" classname="janala.instrument.MethodInstrumenterTest" time="0.0"/>
  <testcase name="testL2D" classname="janala.instrument.MethodInstrumenterTest" time="0.0"/>
  <testcase name="testL2F" classname="janala.instrument.MethodInstrumenterTest" time="0.001"/>
  <testcase name="testL2I" classname="janala.instrument.MethodInstrumenterTest" time="0.0"/>
  <testcase name="testLOR" classname="janala.instrument.MethodInstrumenterTest" time="0.0"/>
  <testcase name="testNEW" classname="janala.instrument.MethodInstrumenterTest" time="0.0"/>
  <testcase name="testNOP" classname="janala.instrument.MethodInstrumenterTest" time="0.0"/>
  <testcase name="testPOP" classname="janala.instrument.MethodInstrumenterTest" time="0.001"/>
  <testcase name="testRET" classname="janala.instrument.MethodInstrumenterTest" time="0.0"/>
  <testcase name="testLASTORE" classname="janala.instrument.MethodInstrumenterTest" time="0.0"/>
  <testcase name="testINSTANCEOF" classname="janala.instrument.MethodInstrumenterTest" time="0.0"/>
  <testcase name="testALOAD" classname="janala.instrument.MethodInstrumenterTest" time="0.001"/>
  <testcase name="testDCMPG" classname="janala.instrument.MethodInstrumenterTest" time="0.0"/>
  <testcase name="testDCMPL" classname="janala.instrument.MethodInstrumenterTest" time="0.0"/>
  <testcase name="testDLOAD" classname="janala.instrument.MethodInstrumenterTest" time="0.0"/>
  <testcase name="testFCMPG" classname="janala.instrument.MethodInstrumenterTest" time="0.001"/>
  <testcase name="testFCMPL" classname="janala.instrument.MethodInstrumenterTest" time="0.0"/>
  <testcase name="testFLOAD" classname="janala.instrument.MethodInstrumenterTest" time="0.0"/>
  <testcase name="testILOAD" classname="janala.instrument.MethodInstrumenterTest" time="0.0"/>
  <testcase name="testIUSHR" classname="janala.instrument.MethodInstrumenterTest" time="0.0"/>
  <testcase name="testLLOAD" classname="janala.instrument.MethodInstrumenterTest" time="0.0"/>
  <testcase name="testLUSHR" classname="janala.instrument.MethodInstrumenterTest" time="0.001"/>
  <testcase name="testINVOKEVIRTUAL" classname="janala.instrument.MethodInstrumenterTest" time="0.001"/>
  <testcase name="testDADD" classname="janala.instrument.MethodInstrumenterTest" time="0.0"/>
  <testcase name="testDDIV" classname="janala.instrument.MethodInstrumenterTest" time="0.0"/>
  <testcase name="testDMUL" classname="janala.instrument.MethodInstrumenterTest" time="0.001"/>
  <testcase name="testDNEG" classname="janala.instrument.MethodInstrumenterTest" time="0.0"/>
  <testcase name="testDREM" classname="janala.instrument.MethodInstrumenterTest" time="0.001"/>
  <testcase name="testDSUB" classname="janala.instrument.MethodInstrumenterTest" time="0.0"/>
  <testcase name="testDUP2" classname="janala.instrument.MethodInstrumenterTest" time="0.0"/>
  <testcase name="testFADD" classname="janala.instrument.MethodInstrumenterTest" time="0.001"/>
  <testcase name="testFDIV" classname="janala.instrument.MethodInstrumenterTest" time="0.0"/>
  <testcase name="testFMUL" classname="janala.instrument.MethodInstrumenterTest" time="0.0"/>
  <testcase name="testFNEG" classname="janala.instrument.MethodInstrumenterTest" time="0.001"/>
  <testcase name="testFREM" classname="janala.instrument.MethodInstrumenterTest" time="0.0"/>
  <testcase name="testFSUB" classname="janala.instrument.MethodInstrumenterTest" time="0.0"/>
  <testcase name="testGOTO" classname="janala.instrument.MethodInstrumenterTest" time="0.0"/>
  <testcase name="testIADD" classname="janala.instrument.MethodInstrumenterTest" time="0.0"/>
  <testcase name="testIAND" classname="janala.instrument.MethodInstrumenterTest" time="0.0"/>
  <testcase name="testIDIV" classname="janala.instrument.MethodInstrumenterTest" time="0.0"/>
  <testcase name="testIFEQ" classname="janala.instrument.MethodInstrumenterTest" time="0.001"/>
  <testcase name="testIFGE" classname="janala.instrument.MethodInstrumenterTest" time="0.0"/>
  <testcase name="testIFGT" classname="janala.instrument.MethodInstrumenterTest" time="0.0"/>
  <testcase name="testIFLE" classname="janala.instrument.MethodInstrumenterTest" time="0.001"/>
  <testcase name="testIFLT" classname="janala.instrument.MethodInstrumenterTest" time="0.0"/>
  <testcase name="testIFNE" classname="janala.instrument.MethodInstrumenterTest" time="0.001"/>
  <testcase name="testIMUL" classname="janala.instrument.MethodInstrumenterTest" time="0.0"/>
  <testcase name="testINEG" classname="janala.instrument.MethodInstrumenterTest" time="0.0"/>
  <testcase name="testIREM" classname="janala.instrument.MethodInstrumenterTest" time="0.0"/>
  <testcase name="testISHL" classname="janala.instrument.MethodInstrumenterTest" time="0.0"/>
  <testcase name="testISHR" classname="janala.instrument.MethodInstrumenterTest" time="0.001"/>
  <testcase name="testISUB" classname="janala.instrument.MethodInstrumenterTest" time="0.0"/>
  <testcase name="testIXOR" classname="janala.instrument.MethodInstrumenterTest" time="0.0"/>
  <testcase name="testLADD" classname="janala.instrument.MethodInstrumenterTest" time="0.001"/>
  <testcase name="testLAND" classname="janala.instrument.MethodInstrumenterTest" time="0.0"/>
  <testcase name="testLCMP" classname="janala.instrument.MethodInstrumenterTest" time="0.0"/>
  <testcase name="testLDIV" classname="janala.instrument.MethodInstrumenterTest" time="0.001"/>
  <testcase name="testLMUL" classname="janala.instrument.MethodInstrumenterTest" time="0.0"/>
  <testcase name="testLNEG" classname="janala.instrument.MethodInstrumenterTest" time="0.0"/>
  <testcase name="testLREM" classname="janala.instrument.MethodInstrumenterTest" time="0.001"/>
  <testcase name="testLSHL" classname="janala.instrument.MethodInstrumenterTest" time="0.0"/>
  <testcase name="testLSHR" classname="janala.instrument.MethodInstrumenterTest" time="0.0"/>
  <testcase name="testLSUB" classname="janala.instrument.MethodInstrumenterTest" time="0.001"/>
  <testcase name="testLXOR" classname="janala.instrument.MethodInstrumenterTest" time="0.0"/>
  <testcase name="testPOP2" classname="janala.instrument.MethodInstrumenterTest" time="0.0"/>
  <testcase name="testSWAP" classname="janala.instrument.MethodInstrumenterTest" time="0.001"/>
  <testcase name="testLdcForDouble" classname="janala.instrument.MethodInstrumenterTest" time="0.0"/>
  <testcase name="testGETSTATIC" classname="janala.instrument.MethodInstrumenterTest" time="0.001"/>
  <testcase name="testPUTFIELD" classname="janala.instrument.MethodInstrumenterTest" time="0.0"/>
  <testcase name="testLRETURN" classname="janala.instrument.MethodInstrumenterTest" time="0.0"/>
  <testcase name="testGETFIELD" classname="janala.instrument.MethodInstrumenterTest" time="0.0"/>
  <testcase name="testCASTORE" classname="janala.instrument.MethodInstrumenterTest" time="0.0"/>
  <testcase name="testLdcForString" classname="janala.instrument.MethodInstrumenterTest" time="0.0"/>
  <testcase name="testANEWARRAY" classname="janala.instrument.MethodInstrumenterTest" time="0.0"/>
  <testcase name="testINVOKESTATIC" classname="janala.instrument.MethodInstrumenterTest" time="0.001"/>
  <testcase name="testTableSwitchInsn" classname="janala.instrument.MethodInstrumenterTest" time="0.0"/>
  <testcase name="testFCONST_0" classname="janala.instrument.MethodInstrumenterTest" time="0.0"/>
  <testcase name="testFCONST_1" classname="janala.instrument.MethodInstrumenterTest" time="0.0"/>
  <testcase name="testFCONST_2" classname="janala.instrument.MethodInstrumenterTest" time="0.0"/>
  <testcase name="testICONST_M1" classname="janala.instrument.MethodInstrumenterTest" time="0.0"/>
  <testcase name="testDASTORE" classname="janala.instrument.MethodInstrumenterTest" time="0.001"/>
  <testcase name="testIFNONNULL" classname="janala.instrument.MethodInstrumenterTest" time="0.0"/>
  <testcase name="testIASTORE" classname="janala.instrument.MethodInstrumenterTest" time="0.0"/>
  <testcase name="testSASTORE" classname="janala.instrument.MethodInstrumenterTest" time="0.0"/>
  <testcase name="testDCONST_0" classname="janala.instrument.MethodInstrumenterTest" time="0.0"/>
  <testcase name="testDCONST_1" classname="janala.instrument.MethodInstrumenterTest" time="0.0"/>
  <testcase name="testDRETURN" classname="janala.instrument.MethodInstrumenterTest" time="0.002"/>
  <testcase name="testMONITORENTER" classname="janala.instrument.MethodInstrumenterTest" time="0.001"/>
  <testcase name="testINVOKESPECIAL" classname="janala.instrument.MethodInstrumenterTest" time="0.0"/>
  <testcase name="testDUP2_X1" classname="janala.instrument.MethodInstrumenterTest" time="0.001"/>
  <testcase name="testDUP2_X2" classname="janala.instrument.MethodInstrumenterTest" time="0.0"/>
  <testcase name="testMultiNewArray" classname="janala.instrument.MethodInstrumenterTest" time="0.001"/>
  <testcase name="testICONST_0" classname="janala.instrument.MethodInstrumenterTest" time="0.001"/>
  <testcase name="testICONST_1" classname="janala.instrument.MethodInstrumenterTest" time="0.0"/>
  <testcase name="testICONST_2" classname="janala.instrument.MethodInstrumenterTest" time="0.001"/>
  <testcase name="testICONST_3" classname="janala.instrument.MethodInstrumenterTest" time="0.0"/>
  <testcase name="testICONST_4" classname="janala.instrument.MethodInstrumenterTest" time="0.0"/>
  <testcase name="testICONST_5" classname="janala.instrument.MethodInstrumenterTest" time="0.0"/>
  <testcase name="testIRETURN" classname="janala.instrument.MethodInstrumenterTest" time="0.0"/>
  <testcase name="testLdcForLong" classname="janala.instrument.MethodInstrumenterTest" time="0.001"/>
  <testcase name="testIincInsn" classname="janala.instrument.MethodInstrumenterTest" time="0.0"/>
  <testcase name="testLdcForInt" classname="janala.instrument.MethodInstrumenterTest" time="0.001"/>
  <testcase name="testAALOAD" classname="janala.instrument.MethodInstrumenterTest" time="0.0"/>
  <testcase name="testASTORE" classname="janala.instrument.MethodInstrumenterTest" time="0.0"/>
  <testcase name="testATHROW" classname="janala.instrument.MethodInstrumenterTest" time="0.001"/>
  <testcase name="testBALOAD" classname="janala.instrument.MethodInstrumenterTest" time="0.0"/>
  <testcase name="testBIPUSH" classname="janala.instrument.MethodInstrumenterTest" time="0.0"/>
  <testcase name="testCALOAD" classname="janala.instrument.MethodInstrumenterTest" time="0.001"/>
  <testcase name="testDALOAD" classname="janala.instrument.MethodInstrumenterTest" time="0.0"/>
  <testcase name="testARRAYLENGTH" classname="janala.instrument.MethodInstrumenterTest" time="0.0"/>
  <testcase name="testDSTORE" classname="janala.instrument.MethodInstrumenterTest" time="0.001"/>
  <testcase name="testDUP_X1" classname="janala.instrument.MethodInstrumenterTest" time="0.0"/>
  <testcase name="testDUP_X2" classname="janala.instrument.MethodInstrumenterTest" time="0.0"/>
  <testcase name="testFALOAD" classname="janala.instrument.MethodInstrumenterTest" time="0.0"/>
  <testcase name="testFSTORE" classname="janala.instrument.MethodInstrumenterTest" time="0.0"/>
  <testcase name="testIALOAD" classname="janala.instrument.MethodInstrumenterTest" time="0.001"/>
  <testcase name="testIFNULL" classname="janala.instrument.MethodInstrumenterTest" time="0.0"/>
  <testcase name="testMONITOREXIT" classname="janala.instrument.MethodInstrumenterTest" time="0.0"/>
  <testcase name="testISTORE" classname="janala.instrument.MethodInstrumenterTest" time="0.0"/>
  <testcase name="testACONST_NULL" classname="janala.instrument.MethodInstrumenterTest" time="0.0"/>
  <testcase name="testLALOAD" classname="janala.instrument.MethodInstrumenterTest" time="0.0"/>
  <testcase name="testLSTORE" classname="janala.instrument.MethodInstrumenterTest" time="0.0"/>
  <testcase name="testINVOKEINTERFACE" classname="janala.instrument.MethodInstrumenterTest" time="0.0"/>
  <testcase name="testLCONST_0" classname="janala.instrument.MethodInstrumenterTest" time="0.0"/>
  <testcase name="testLCONST_1" classname="janala.instrument.MethodInstrumenterTest" time="0.0"/>
  <testcase name="testRETURN" classname="janala.instrument.MethodInstrumenterTest" time="0.0"/>
  <testcase name="testSALOAD" classname="janala.instrument.MethodInstrumenterTest" time="0.001"/>
  <testcase name="testSIPUSH" classname="janala.instrument.MethodInstrumenterTest" time="0.0"/>
  <testcase name="testAASTORE" classname="janala.instrument.MethodInstrumenterTest" time="0.0"/>
  <testcase name="testCHECKCAST" classname="janala.instrument.MethodInstrumenterTest" time="0.0"/>
  <testcase name="testFASTORE" classname="janala.instrument.MethodInstrumenterTest" time="0.0"/>
  <testcase name="testPUTSTATIC" classname="janala.instrument.MethodInstrumenterTest" time="0.001"/>
  <testcase name="testIF_ACMPEQ" classname="janala.instrument.MethodInstrumenterTest" time="0.0"/>
  <testcase name="testIF_ACMPNE" classname="janala.instrument.MethodInstrumenterTest" time="0.0"/>
  <system-out><![CDATA[]]></system-out>
  <system-err><![CDATA[]]></system-err>
</testsuite>
