<?xml version="1.0" encoding="UTF-8"?>
<testsuite name="janala.solvers.ChocoSolverTest" tests="1" skipped="0" failures="0" errors="0" timestamp="2021-05-09T07:13:10" hostname="ubuntu" time="0.245">
  <properties/>
  <testcase name="testSolver" classname="janala.solvers.ChocoSolverTest" time="0.245"/>
  <system-out><![CDATA[[x1!=0 at iid 0 and index 0]
Running choco solver ...
]]></system-out>
  <system-err><![CDATA[SLF4J: Failed to load class "org.slf4j.impl.StaticLoggerBinder".
SLF4J: Defaulting to no-operation (NOP) logger implementation
SLF4J: See http://www.slf4j.org/codes.html#StaticLoggerBinder for further details.
]]></system-err>
</testsuite>
