<?xml version="1.0" encoding="UTF-8"?>
<testsuite xmlns:xsi="http://www.w3.org/2001/XMLSchema-instance" xsi:schemaLocation="https://maven.apache.org/surefire/maven-surefire-plugin/xsd/surefire-test-report.xsd" name="org.apache.bcel.CounterVisitorTestCase" time="0.015" tests="37" errors="0" skipped="0" failures="0">
  <properties>
    <property name="java.runtime.name" value="Java(TM) SE Runtime Environment"/>
    <property name="sun.boot.library.path" value="/Library/Java/JavaVirtualMachines/jdk1.8.0_231.jdk/Contents/Home/jre/lib"/>
    <property name="java.vm.version" value="25.231-b11"/>
    <property name="gopherProxySet" value="false"/>
    <property name="java.vm.vendor" value="Oracle Corporation"/>
    <property name="maven.multiModuleProjectDirectory" value="/Users/liuxiangjun/Desktop/junitcontest/infrastructure/benchmarks_5th/projects/bcel-6.0-src"/>
    <property name="java.vendor.url" value="http://java.oracle.com/"/>
    <property name="path.separator" value=":"/>
    <property name="guice.disable.misplaced.annotation.check" value="true"/>
    <property name="java.vm.name" value="Java HotSpot(TM) 64-Bit Server VM"/>
    <property name="file.encoding.pkg" value="sun.io"/>
    <property name="user.country" value="CN"/>
    <property name="sun.java.launcher" value="SUN_STANDARD"/>
    <property name="sun.os.patch.level" value="unknown"/>
    <property name="java.vm.specification.name" value="Java Virtual Machine Specification"/>
    <property name="user.dir" value="/Users/liuxiangjun/Desktop/junitcontest/infrastructure/benchmarks_5th/projects/bcel-6.0-src"/>
    <property name="java.runtime.version" value="1.8.0_231-b11"/>
    <property name="java.awt.graphicsenv" value="sun.awt.CGraphicsEnvironment"/>
    <property name="java.endorsed.dirs" value="/Library/Java/JavaVirtualMachines/jdk1.8.0_231.jdk/Contents/Home/jre/lib/endorsed"/>
    <property name="os.arch" value="x86_64"/>
    <property name="java.io.tmpdir" value="/var/folders/w2/wyld69b92b9dy51b8b1b4lcm0000gn/T/"/>
    <property name="line.separator" value="&#10;"/>
    <property name="java.vm.specification.vendor" value="Oracle Corporation"/>
    <property name="os.name" value="Mac OS X"/>
    <property name="classworlds.conf" value="/usr/local/Cellar/maven/3.6.1/libexec/bin/m2.conf"/>
    <property name="sun.jnu.encoding" value="UTF-8"/>
    <property name="java.library.path" value="/Users/liuxiangjun/Library/Java/Extensions:/Library/Java/Extensions:/Network/Library/Java/Extensions:/System/Library/Java/Extensions:/usr/lib/java:."/>
    <property name="maven.conf" value="/usr/local/Cellar/maven/3.6.1/libexec/conf"/>
    <property name="java.specification.name" value="Java Platform API Specification"/>
    <property name="java.class.version" value="52.0"/>
    <property name="sun.management.compiler" value="HotSpot 64-Bit Tiered Compilers"/>
    <property name="os.version" value="10.14.6"/>
    <property name="library.jansi.path" value="/usr/local/Cellar/maven/3.6.1/libexec/lib/jansi-native"/>
    <property name="user.home" value="/Users/liuxiangjun"/>
    <property name="user.timezone" value="Asia/Shanghai"/>
    <property name="java.awt.printerjob" value="sun.lwawt.macosx.CPrinterJob"/>
    <property name="java.specification.version" value="1.8"/>
    <property name="file.encoding" value="UTF-8"/>
    <property name="user.name" value="liuxiangjun"/>
    <property name="java.class.path" value="/usr/local/Cellar/maven/3.6.1/libexec/boot/plexus-classworlds-2.6.0.jar"/>
    <property name="java.vm.specification.version" value="1.8"/>
    <property name="sun.arch.data.model" value="64"/>
    <property name="java.home" value="/Library/Java/JavaVirtualMachines/jdk1.8.0_231.jdk/Contents/Home/jre"/>
    <property name="sun.java.command" value="org.codehaus.plexus.classworlds.launcher.Launcher package"/>
    <property name="java.specification.vendor" value="Oracle Corporation"/>
    <property name="user.language" value="zh"/>
    <property name="awt.toolkit" value="sun.lwawt.macosx.LWCToolkit"/>
    <property name="java.vm.info" value="mixed mode"/>
    <property name="java.version" value="1.8.0_231"/>
    <property name="java.ext.dirs" value="/Users/liuxiangjun/Library/Java/Extensions:/Library/Java/JavaVirtualMachines/jdk1.8.0_231.jdk/Contents/Home/jre/lib/ext:/Library/Java/Extensions:/Network/Library/Java/Extensions:/System/Library/Java/Extensions:/usr/lib/java"/>
    <property name="sun.boot.class.path" value="/Library/Java/JavaVirtualMachines/jdk1.8.0_231.jdk/Contents/Home/jre/lib/resources.jar:/Library/Java/JavaVirtualMachines/jdk1.8.0_231.jdk/Contents/Home/jre/lib/rt.jar:/Library/Java/JavaVirtualMachines/jdk1.8.0_231.jdk/Contents/Home/jre/lib/sunrsasign.jar:/Library/Java/JavaVirtualMachines/jdk1.8.0_231.jdk/Contents/Home/jre/lib/jsse.jar:/Library/Java/JavaVirtualMachines/jdk1.8.0_231.jdk/Contents/Home/jre/lib/jce.jar:/Library/Java/JavaVirtualMachines/jdk1.8.0_231.jdk/Contents/Home/jre/lib/charsets.jar:/Library/Java/JavaVirtualMachines/jdk1.8.0_231.jdk/Contents/Home/jre/lib/jfr.jar:/Library/Java/JavaVirtualMachines/jdk1.8.0_231.jdk/Contents/Home/jre/classes"/>
    <property name="java.vendor" value="Oracle Corporation"/>
    <property name="maven.home" value="/usr/local/Cellar/maven/3.6.1/libexec"/>
    <property name="file.separator" value="/"/>
    <property name="java.vendor.url.bug" value="http://bugreport.sun.com/bugreport/"/>
    <property name="sun.cpu.endian" value="little"/>
    <property name="sun.io.unicode.encoding" value="UnicodeBig"/>
    <property name="sun.cpu.isalist" value=""/>
  </properties>
  <testcase name="testSignatureCount" classname="org.apache.bcel.CounterVisitorTestCase" time="0"/>
  <testcase name="testLocalVariableCount" classname="org.apache.bcel.CounterVisitorTestCase" time="0"/>
  <testcase name="testLineNumberCount" classname="org.apache.bcel.CounterVisitorTestCase" time="0"/>
  <testcase name="testConstantFloatCount" classname="org.apache.bcel.CounterVisitorTestCase" time="0"/>
  <testcase name="testMethodCount" classname="org.apache.bcel.CounterVisitorTestCase" time="0"/>
  <testcase name="testConstantDoubleCount" classname="org.apache.bcel.CounterVisitorTestCase" time="0"/>
  <testcase name="testLocalVariableTypeTableCount" classname="org.apache.bcel.CounterVisitorTestCase" time="0"/>
  <testcase name="testConstantStringCount" classname="org.apache.bcel.CounterVisitorTestCase" time="0"/>
  <testcase name="testConstantLongCount" classname="org.apache.bcel.CounterVisitorTestCase" time="0"/>
  <testcase name="testInnerClassesCount" classname="org.apache.bcel.CounterVisitorTestCase" time="0"/>
  <testcase name="testLineNumberTableCount" classname="org.apache.bcel.CounterVisitorTestCase" time="0"/>
  <testcase name="testConstantClassCount" classname="org.apache.bcel.CounterVisitorTestCase" time="0"/>
  <testcase name="testSourceFileCount" classname="org.apache.bcel.CounterVisitorTestCase" time="0"/>
  <testcase name="testSyntheticCount" classname="org.apache.bcel.CounterVisitorTestCase" time="0.001"/>
  <testcase name="testStackMapEntryCount" classname="org.apache.bcel.CounterVisitorTestCase" time="0"/>
  <testcase name="testCodeCount" classname="org.apache.bcel.CounterVisitorTestCase" time="0"/>
  <testcase name="testConstantFieldrefCount" classname="org.apache.bcel.CounterVisitorTestCase" time="0"/>
  <testcase name="testCodeExceptionCount" classname="org.apache.bcel.CounterVisitorTestCase" time="0.002"/>
  <testcase name="testLocalVariableTableCount" classname="org.apache.bcel.CounterVisitorTestCase" time="0"/>
  <testcase name="testUnknownCount" classname="org.apache.bcel.CounterVisitorTestCase" time="0"/>
  <testcase name="testConstantNameAndTypeCount" classname="org.apache.bcel.CounterVisitorTestCase" time="0"/>
  <testcase name="testJavaClassCount" classname="org.apache.bcel.CounterVisitorTestCase" time="0"/>
  <testcase name="testFieldCount" classname="org.apache.bcel.CounterVisitorTestCase" time="0"/>
  <testcase name="testDeprecatedCount" classname="org.apache.bcel.CounterVisitorTestCase" time="0"/>
  <testcase name="testAnnotationEntryCount" classname="org.apache.bcel.CounterVisitorTestCase" time="0"/>
  <testcase name="testExceptionTableCount" classname="org.apache.bcel.CounterVisitorTestCase" time="0"/>
  <testcase name="testStackMapCount" classname="org.apache.bcel.CounterVisitorTestCase" time="0"/>
  <testcase name="testEnclosingMethodCount" classname="org.apache.bcel.CounterVisitorTestCase" time="0"/>
  <testcase name="testInnerClassCount" classname="org.apache.bcel.CounterVisitorTestCase" time="0"/>
  <testcase name="testAnnotationDefaultCount" classname="org.apache.bcel.CounterVisitorTestCase" time="0"/>
  <testcase name="testConstantInterfaceMethodrefCount" classname="org.apache.bcel.CounterVisitorTestCase" time="0"/>
  <testcase name="testConstantPoolCount" classname="org.apache.bcel.CounterVisitorTestCase" time="0"/>
  <testcase name="testAnnotationsCount" classname="org.apache.bcel.CounterVisitorTestCase" time="0"/>
  <testcase name="testConstantIntegerCount" classname="org.apache.bcel.CounterVisitorTestCase" time="0"/>
  <testcase name="testParameterAnnotationCount" classname="org.apache.bcel.CounterVisitorTestCase" time="0"/>
  <testcase name="testConstantValueCount" classname="org.apache.bcel.CounterVisitorTestCase" time="0"/>
  <testcase name="testConstantMethodrefCount" classname="org.apache.bcel.CounterVisitorTestCase" time="0"/>
</testsuite>